
ASEM-51 V1.3                                         Copyright (c) 2002 by W.W. Heinz                                         PAGE 1





       MCS-51 Family Macro Assembler   A S E M - 5 1   V 1.3
       =====================================================



	Source File:	main.asm
	Object File:	main.hex
	List File:	main.lst



 Line  I  Addr  Code            Source

    1:		N      4BFF	T0_VAL EQU (65535-46080)
    2:		N      004B	TH0_VAL EQU (T0_VAL/256)
    3:		N      00FF	TL0_VAL EQU (T0_VAL mod 256)
    4:
    5:		N      0000	ORG 0000h
    6:	  0000			_RESET:
    7:	  0000	02 01 00		LJMP _INIT
    8:
    9:		N      000B	ORG 0Bh
   10:	  000B			_INT_T0:
   11:	  000B	B2 97			CPL 097h
   12:	  000D	75 8A FF		MOV TL0,#TL0_VAL
   13:	  0010	75 8C 4B		MOV TH0,#TH0_VAL
   14:	  0013	32			RETI
   15:
   16:		N      0100	ORG 0100h
   17:	  0100			_INIT:
   18:	  0100	75 8A FF		MOV TL0,#TL0_VAL
   19:	  0103	75 8C 4B		MOV TH0,#TH0_VAL
   20:	  0106	53 88 CF		ANL TCON,#11001111b
   21:	  0109	53 89 F1		ANL TMOD,#11110001b
   22:	  010C	43 89 01		ORL TMOD,#00000001b
   23:	  010F	43 A8 82		ORL IE,#10000010b
   24:	  0112	43 88 10		ORL TCON,#00010000b
   25:	  0115			_LOOP:
   26:	  0115	02 01 15		LJMP _LOOP
   27:				END





                     register banks used:  ---

                     no errors




ASEM-51 V1.3                                         Copyright (c) 2002 by W.W. Heinz                                         PAGE 2





	       L I S T   O F   S Y M B O L S
	       =============================


SYMBOL				  TYPE     VALUE	LINE
------------------------------------------------------------
??ASEM_51			  NUMBER    8051
??VERSION			  NUMBER    0130
AC				  BIT	      D6
ACC				  DATA	      E0
B				  DATA	      F0
CY				  BIT	      D7
DPH				  DATA	      83
DPL				  DATA	      82
EA				  BIT	      AF
ES				  BIT	      AC
ET0				  BIT	      A9
ET1				  BIT	      AB
EX0				  BIT	      A8
EX1				  BIT	      AA
EXTI0				  CODE	    0003
EXTI1				  CODE	    0013
F0				  BIT	      D5
IE				  DATA	      A8
IE0				  BIT	      89
IE1				  BIT	      8B
INT0				  BIT	      B2
INT1				  BIT	      B3
IP				  DATA	      B8
IT0				  BIT	      88
IT1				  BIT	      8A
OV				  BIT	      D2
P				  BIT	      D0
P0				  DATA	      80
P1				  DATA	      90
P2				  DATA	      A0
P3				  DATA	      B0
PCON				  DATA	      87
PS				  BIT	      BC
PSW				  DATA	      D0
PT0				  BIT	      B9
PT1				  BIT	      BB
PX0				  BIT	      B8
PX1				  BIT	      BA
RB8				  BIT	      9A
RD				  BIT	      B7
REN				  BIT	      9C
RESET				  CODE	    0000
RI				  BIT	      98
RS0				  BIT	      D3
RS1				  BIT	      D4
RXD				  BIT	      B0
SBUF				  DATA	      99
SCON				  DATA	      98
SINT				  CODE	    0023
SM0				  BIT	      9F

ASEM-51 V1.3                                         Copyright (c) 2002 by W.W. Heinz                                         PAGE 3



SYMBOL				  TYPE     VALUE	LINE
------------------------------------------------------------
SM1				  BIT	      9E
SM2				  BIT	      9D
SP				  DATA	      81
T0				  BIT	      B4
T0_VAL				  NUMBER    4BFF	   1
T1				  BIT	      B5
TB8				  BIT	      9B
TCON				  DATA	      88
TF0				  BIT	      8D
TF1				  BIT	      8F
TH0				  DATA	      8C
TH0_VAL				  NUMBER    004B	   2
TH1				  DATA	      8D
TI				  BIT	      99
TIMER0				  CODE	    000B
TIMER1				  CODE	    001B
TL0				  DATA	      8A
TL0_VAL				  NUMBER    00FF	   3
TL1				  DATA	      8B
TMOD				  DATA	      89
TR0				  BIT	      8C
TR1				  BIT	      8E
TXD				  BIT	      B1
WR				  BIT	      B6
_INIT				  CODE	    0100	  17
_INT_T0				  CODE	    000B	  10
_LOOP				  CODE	    0115	  25
_RESET				  CODE	    0000	   6
