
ASEM-51 V1.3                                         Copyright (c) 2002 by W.W. Heinz                                         PAGE 1





       MCS-51 Family Macro Assembler   A S E M - 5 1   V 1.3
       =====================================================



	Source File:	sekundomierz.asm
	Object File:	sekundomierz.hex
	List File:	sekundomierz.lst



 Line  I  Addr  Code            Source

    1:		N      FF38	CSDB16 EQU 0FF38h
    2:		N      FF30	CSDS16 EQU 0FF30h
    3:
    4:		N      0000	ORG 0000h
    5:	  0000			_RESET:
    6:	  0000	02 01 00		LJMP _INIT
    7:
    8:		N      000B	ORG 0Bh
    9:	  000B			_INT_T0:
   10:	  000B	08			INC R0
   11:	  000C			_IF1:
   12:	  000C	B8 14 1D		CJNE R0,#20,_ELSE1
   13:	  000F			_IF2:
   14:	  000F	B4 01 0C		CJNE A,#00000001b,_ELSE2
   15:	  0012	74 20			MOV A,#00100000b
   16:	  0014	F0			MOVX @DPTR,A
   17:	  0015	78 00			MOV R0,#0
   18:	  0017	75 8A FF		MOV TL0,#11111111b
   19:	  001A	75 8C 4B		MOV TH0,#01001011b
   20:	  001D	32			RETI
   21:	  001E			_ELSE2:
   22:	  001E	75 F0 02		MOV B,#2
   23:	  0021	84			DIV AB
   24:	  0022	F0			MOVX @DPTR,A
   25:	  0023	78 00			MOV R0,#0
   26:	  0025	75 8A FF		MOV TL0,#11111111b
   27:	  0028	75 8C 4B		MOV TH0,#01001011b
   28:	  002B	32			RETI
   29:	  002C			_ELSE1:
   30:	  002C	32			RETI
   31:
   32:		N      0100	ORG 0100h
   33:	  0100			_INIT:
   34:	  0100	C2 96			CLR P1.6
   35:	  0102	78 00			MOV R0,#0
   36:	  0104	75 8A FF		MOV TL0,#11111111b
   37:	  0107	75 8C 4B		MOV TH0,#01001011b
   38:	  010A	53 88 CF		ANL TCON,#11001111b
   39:	  010D	53 89 F1		ANL TMOD,#11110001b
   40:	  0110	43 89 01		ORL TMOD,#00000001b
   41:	  0113	43 A8 82		ORL IE,#10000010b
   42:	  0116	43 88 10		ORL TCON,#00010000b
   43:

ASEM-51 V1.3                                         Copyright (c) 2002 by W.W. Heinz                                         PAGE 2



 Line  I  Addr  Code            Source

   44:	  0119	90 FF 30		MOV DPTR,#CSDS16
   45:	  011C	74 3F			MOV A,#00111111b
   46:	  011E	F0			MOVX @DPTR,A
   47:
   48:	  011F	90 FF 38		MOV DPTR,#CSDB16
   49:	  0122	74 20			MOV A,#00100000b
   50:	  0124	F0			MOVX @DPTR,A
   51:	  0125			_LOOP:
   52:	  0125	00			NOP
   53:	  0126	02 01 25		LJMP _LOOP
   54:				END





                     register banks used:  ---

                     no errors




ASEM-51 V1.3                                         Copyright (c) 2002 by W.W. Heinz                                         PAGE 3





	       L I S T   O F   S Y M B O L S
	       =============================


SYMBOL				  TYPE     VALUE	LINE
------------------------------------------------------------
??ASEM_51			  NUMBER    8051
??VERSION			  NUMBER    0130
AC				  BIT	      D6
ACC				  DATA	      E0
B				  DATA	      F0
CSDB16				  NUMBER    FF38	   1
CSDS16				  NUMBER    FF30	   2
CY				  BIT	      D7
DPH				  DATA	      83
DPL				  DATA	      82
EA				  BIT	      AF
ES				  BIT	      AC
ET0				  BIT	      A9
ET1				  BIT	      AB
EX0				  BIT	      A8
EX1				  BIT	      AA
EXTI0				  CODE	    0003
EXTI1				  CODE	    0013
F0				  BIT	      D5
IE				  DATA	      A8
IE0				  BIT	      89
IE1				  BIT	      8B
INT0				  BIT	      B2
INT1				  BIT	      B3
IP				  DATA	      B8
IT0				  BIT	      88
IT1				  BIT	      8A
OV				  BIT	      D2
P				  BIT	      D0
P0				  DATA	      80
P1				  DATA	      90
P2				  DATA	      A0
P3				  DATA	      B0
PCON				  DATA	      87
PS				  BIT	      BC
PSW				  DATA	      D0
PT0				  BIT	      B9
PT1				  BIT	      BB
PX0				  BIT	      B8
PX1				  BIT	      BA
RB8				  BIT	      9A
RD				  BIT	      B7
REN				  BIT	      9C
RESET				  CODE	    0000
RI				  BIT	      98
RS0				  BIT	      D3
RS1				  BIT	      D4
RXD				  BIT	      B0
SBUF				  DATA	      99
SCON				  DATA	      98

ASEM-51 V1.3                                         Copyright (c) 2002 by W.W. Heinz                                         PAGE 4



SYMBOL				  TYPE     VALUE	LINE
------------------------------------------------------------
SINT				  CODE	    0023
SM0				  BIT	      9F
SM1				  BIT	      9E
SM2				  BIT	      9D
SP				  DATA	      81
T0				  BIT	      B4
T1				  BIT	      B5
TB8				  BIT	      9B
TCON				  DATA	      88
TF0				  BIT	      8D
TF1				  BIT	      8F
TH0				  DATA	      8C
TH1				  DATA	      8D
TI				  BIT	      99
TIMER0				  CODE	    000B
TIMER1				  CODE	    001B
TL0				  DATA	      8A
TL1				  DATA	      8B
TMOD				  DATA	      89
TR0				  BIT	      8C
TR1				  BIT	      8E
TXD				  BIT	      B1
WR				  BIT	      B6
_ELSE1				  CODE	    002C	  29
_ELSE2				  CODE	    001E	  21
_IF1				  CODE	    000C	  11
_IF2				  CODE	    000F	  13
_INIT				  CODE	    0100	  33
_INT_T0				  CODE	    000B	   9
_LOOP				  CODE	    0125	  51
_RESET				  CODE	    0000	   5
