
ASEM-51 V1.3                                         Copyright (c) 2002 by W.W. Heinz                                         PAGE 1





       MCS-51 Family Macro Assembler   A S E M - 5 1   V 1.3
       =====================================================



	Source File:	zad3.asm
	Object File:	zad3.hex
	List File:	zad3.lst



 Line  I  Addr  Code            Source

    1:				$ NOMOD51
    2:				$ INCLUDE (8051_mgraniczka.MCU)
    3: 1			; Plik w³asnych definicji
    4: 1			; Micha³ Graniczka
    5: 1			; ==========================
    6: 1
    7: 1	N	 97	_LED		BIT	097h
    8: 1	N	 96	_WYSW		BIT	096h
    9: 1	N	 30	_COUNTER	DATA	030h
   10: 1	N	 31	_W1_VAL		DATA	031h
   11: 1	N	 32	_W2_VAL		DATA	032h
   12: 1	N	 33	_W3_VAL		DATA	033h
   13: 1	N	 34	_ID_WSK		DATA	034h
   14: 1	N	 35	_SEC		DATA	035h
   15: 1	N	 88	TCON		DATA	088H
   16: 1	N	 89	TMOD		DATA	089H
   17: 1	N	 8A	TL0		DATA	08AH
   18: 1	N	 8C	TH0		DATA	08CH
   19: 1	N	 A8	IE		DATA	0A8H
   20:
   21:		N      4BFF	T0_VAL EQU (65535-46080)
   22:		N      00FF	TL0_VAL EQU (T0_VAL mod 256)
   23:		N      004B	TH0_VAL EQU (T0_VAL/256)
   24:
   25:		N      0000	ORG 0000h
   26:	  0000			_RESET:
   27:	  0000	02 01 00		LJMP _INIT
   28:
   29:		N      000B	ORG 0Bh
   30:	  000B			_INT_T0:
   31:	  000B	43 8A FF		ORL TL0,#TL0_VAL
   32:	  000E	75 8C 4B		MOV TH0,#TH0_VAL
   33:	  0011	05 30			INC _COUNTER
   34:	  0013	32			RETI
   35:
   36:		N      0100	ORG 0100h
   37:	  0100			_INIT:
   38:	  0100	75 30 00		MOV _COUNTER,#0d
   39:	  0103	75 35 00		MOV _SEC,#0d
   40:	  0106	75 8A FF		MOV TL0,#TL0_VAL
   41:	  0109	75 8C 4B		MOV TH0,#TH0_VAL
   42:	  010C	53 88 CF		ANL TCON,#11001111b
   43:	  010F	53 89 F1		ANL TMOD,#11110001b

ASEM-51 V1.3                                         Copyright (c) 2002 by W.W. Heinz                                         PAGE 2



 Line  I  Addr  Code            Source

   44:	  0112	43 89 01		ORL TMOD,#00000001b
   45:	  0115	43 A8 82		ORL IE,#10000010b
   46:	  0118	43 88 10		ORL TCON,#00010000b
   47:	  011B			_LOOP:
   48:	  011B	E5 30			MOV A,_COUNTER
   49:	  011D	B4 14 07		CJNE A,#20d,_CD
   50:	  0120	75 30 00		MOV _COUNTER,#0d
   51:	  0123	05 35			INC _SEC
   52:	  0125	B2 97			CPL _LED
   53:	  0127			_CD:
   54:	  0127	02 01 1B		LJMP _LOOP
   55:				END





                     register banks used:  ---

                     no errors




ASEM-51 V1.3                                         Copyright (c) 2002 by W.W. Heinz                                         PAGE 3





	       L I S T   O F   S Y M B O L S
	       =============================


SYMBOL				  TYPE     VALUE	LINE
------------------------------------------------------------
??ASEM_51			  NUMBER    8051
??VERSION			  NUMBER    0130
IE				  DATA	      A8	  19
T0_VAL				  NUMBER    4BFF	  21
TCON				  DATA	      88	  15
TH0				  DATA	      8C	  18
TH0_VAL				  NUMBER    004B	  23
TL0				  DATA	      8A	  17
TL0_VAL				  NUMBER    00FF	  22
TMOD				  DATA	      89	  16
_CD				  CODE	    0127	  53
_COUNTER			  DATA	      30	   9
_ID_WSK				  DATA	      34	  13
_INIT				  CODE	    0100	  37
_INT_T0				  CODE	    000B	  30
_LED				  BIT	      97	   7
_LOOP				  CODE	    011B	  47
_RESET				  CODE	    0000	  26
_SEC				  DATA	      35	  14
_W1_VAL				  DATA	      31	  10
_W2_VAL				  DATA	      32	  11
_W3_VAL				  DATA	      33	  12
_WYSW				  BIT	      96	   8
